#
# A fatal error has been detected by the Java Runtime Environment:
#
#  EXCEPTION_ACCESS_VIOLATION (0xc0000005) at pc=0x00007ff8f69e1525, pid=28996, tid=29568
#
# JRE version: OpenJDK Runtime Environment Temurin-17.0.13+11 (17.0.13+11) (build 17.0.13+11)
# Java VM: OpenJDK 64-Bit Server VM Temurin-17.0.13+11 (17.0.13+11, mixed mode, tiered, compressed oops, compressed class ptrs, g1 gc, windows-amd64)
# Problematic frame:
# C  [glfw.dll+0x11525]
#
# No core dump will be written. Minidumps are not enabled by default on client versions of Windows
#
# If you would like to submit a bug report, please visit:
#   https://github.com/adoptium/adoptium-support/issues
# The crash happened outside the Java Virtual Machine in native code.
# See problematic frame for where to report the bug.
#

---------------  S U M M A R Y ------------

Command Line: -agentlib:jdwp=transport=dt_socket,server=n,suspend=y,address=localhost:57331 -XX:+ShowCodeDetailsInExceptionMessages org.lwjglb.game.Main

Host: Intel(R) Core(TM) Ultra 5 125U, 14 cores, 15G,  Windows 11 , 64 bit Build 22621 (10.0.22621.4391)
Time: Wed Dec 11 22:50:13 2024 Eastern Standard Time elapsed time: 1.378981 seconds (0d 0h 0m 1s)

---------------  T H R E A D  ---------------

Current thread (0x000001dcaa1b8570):  JavaThread "main" [_thread_in_native, id=29568, stack(0x0000008625e00000,0x0000008625f00000)]

Stack: [0x0000008625e00000,0x0000008625f00000],  sp=0x0000008625efee50,  free space=1019k
Native frames: (J=compiled Java code, j=interpreted, Vv=VM code, C=native code)
C  [glfw.dll+0x11525]

Java frames: (J=compiled Java code, j=interpreted, Vv=VM code)
j  org.lwjgl.system.JNI.invokePV(JDDJ)V+0
j  org.lwjgl.glfw.GLFW.glfwSetCursorPos(JDD)V+22
j  org.lwjglb.game.Main.init(Lorg/lwjglb/engine/Window;Lorg/lwjglb/engine/scene/Scene;Lorg/lwjglb/engine/graph/Render;)V+13
j  org.lwjglb.engine.Engine.<init>(Ljava/lang/String;Lorg/lwjglb/engine/Window$WindowOptions;Lorg/lwjglb/engine/IAppLogic;)V+93
j  org.lwjglb.game.Main.main([Ljava/lang/String;)V+22
v  ~StubRoutines::call_stub

siginfo: EXCEPTION_ACCESS_VIOLATION (0xc0000005), reading address 0x000000000000042f


Registers:
RAX=0x00007ff8e7443d90, RBX=0x000001dccb752cf0, RCX=0x0000000000000057, RDX=0x0000008625efef88
RSP=0x0000008625efee50, RBP=0x0000008625efef78, RSI=0x0000000000000057, RDI=0x00000000000000cd
R8 =0x0000000000000057, R9 =0x0000000000000002, R10=0x000001dcb5b913b7, R11=0x0000000715750900
R12=0x0000000000000000, R13=0x000001dccb752cf0, R14=0x0000008625efefd0, R15=0x000001dcaa1b8570
RIP=0x00007ff8f69e1525, EFLAGS=0x0000000000010206


Register to memory mapping:

RIP=0x00007ff8f69e1525 glfw.dll
RAX=0x00007ff8e7443d90 lwjgl.dll
RBX={method} {0x000001dccb752cf8} 'invokePV' '(JDDJ)V' in 'org/lwjgl/system/JNI'
RCX=0x0000000000000057 is an unknown value
RDX=0x0000008625efef88 is pointing into the stack for thread: 0x000001dcaa1b8570
RSP=0x0000008625efee50 is pointing into the stack for thread: 0x000001dcaa1b8570
RBP=0x0000008625efef78 is pointing into the stack for thread: 0x000001dcaa1b8570
RSI=0x0000000000000057 is an unknown value
RDI=0x00000000000000cd is an unknown value
R8 =0x0000000000000057 is an unknown value
R9 =0x0000000000000002 is an unknown value
R10=0x000001dcb5b913b7 is at code_begin+1911 in an Interpreter codelet
method entry point (kind = native)  [0x000001dcb5b90c40, 0x000001dcb5b91d60]  4384 bytes
R11=0x0000000715750900 is an oop: java.lang.Class 
{0x0000000715750900} - klass: 'java/lang/Class'
 - ---- fields (total size 14 words):
 - private volatile transient 'classRedefinedCount' 'I' @12  0
 - private volatile transient 'cachedConstructor' 'Ljava/lang/reflect/Constructor;' @40  NULL (0)
 - private transient 'name' 'Ljava/lang/String;' @44  "org.lwjgl.system.JNI"{0x0000000715750980} (e2aea130)
 - private transient 'module' 'Ljava/lang/Module;' @48  a 'java/lang/Module'{0x0000000715a646d0} (e2b4c8da)
 - private final 'classLoader' 'Ljava/lang/ClassLoader;' @52  a 'jdk/internal/loader/ClassLoaders$AppClassLoader'{0x0000000715a64510} (e2b4c8a2)
 - private transient 'classData' 'Ljava/lang/Object;' @56  NULL (0)
 - private transient 'packageName' 'Ljava/lang/String;' @60  "org.lwjgl.system"{0x000000071586e008} (e2b0dc01)
 - private final 'componentType' 'Ljava/lang/Class;' @64  NULL (0)
 - private volatile transient 'reflectionData' 'Ljava/lang/ref/SoftReference;' @68  NULL (0)
 - private volatile transient 'genericInfo' 'Lsun/reflect/generics/repository/ClassRepository;' @72  NULL (0)
 - private volatile transient 'enumConstants' '[Ljava/lang/Object;' @76  NULL (0)
 - private volatile transient 'enumConstantDirectory' 'Ljava/util/Map;' @80  NULL (0)
 - private volatile transient 'annotationData' 'Ljava/lang/Class$AnnotationData;' @84  NULL (0)
 - private volatile transient 'annotationType' 'Lsun/reflect/annotation/AnnotationType;' @88  NULL (0)
 - transient 'classValueMap' 'Ljava/lang/ClassValue$ClassValueMap;' @92  NULL (0)
 - signature: Lorg/lwjgl/system/JNI;
 - fake entry for mirror: 'org/lwjgl/system/JNI'
 - fake entry for array: NULL
 - fake entry for oop_size: 14
 - fake entry for static_oop_field_count: 0
R12=0x0 is NULL
R13={method} {0x000001dccb752cf8} 'invokePV' '(JDDJ)V' in 'org/lwjgl/system/JNI'
R14=0x0000008625efefd0 is pointing into the stack for thread: 0x000001dcaa1b8570
R15=0x000001dcaa1b8570 is a thread


Top of Stack: (sp=0x0000008625efee50)
0x0000008625efee50:   0000008625efef78 00007ff859ce4742
0x0000008625efee60:   0000008625efee80 000001dcb5bd9dea
0x0000008625efee70:   0000000000000057 00007ff8f69d43f3
0x0000008625efee80:   000001dccb752cf0 000001dcaa1b8570
0x0000008625efee90:   00000000000000cd 000001dcb5b910c9
0x0000008625efeea0:   0000000000000000 0000000000000000
0x0000008625efeeb0:   0000000000000000 0000000000000000
0x0000008625efeec0:   0000000000000110 000001dcb5b913e6
0x0000008625efeed0:   000001dcaa1b8570 000000071517e590
0x0000008625efeee0:   000001dccb752cf0 00007ff859f99099
0x0000008625efeef0:   0000000000000000 00007ff8f69d4390
0x0000008625efef00:   000001dccb752cf0 0000000000000110
0x0000008625efef10:   0000000000000000 0000000000000007
0x0000008625efef20:   000000071517e590 000001dcb5b90cf6
0x0000008625efef30:   0000008625efef30 000001dccb752cf0
0x0000008625efef40:   0000008625efefd0 000001dccb786b38
0x0000008625efef50:   0000000000000000 0000000715750900
0x0000008625efef60:   000001dccb752cf0 0000000000000000
0x0000008625efef70:   0000008625efef98 0000008625eff020
0x0000008625efef80:   000001dcb5b89f1c 0000000715750900
0x0000008625efef90:   000001dcb5b8d558 00007ff8f69d4390
0x0000008625efefa0:   0000000000000000 0000000000000000
0x0000008625efefb0:   0000008625eff020 0000000000000000
0x0000008625efefc0:   000001dcb5b8a23a 0000000000000057
0x0000008625efefd0:   0000000000000000 0000008625efefd8
0x0000008625efefe0:   000001dccb4254e6 0000008625eff068
0x0000008625efeff0:   000001dccb434970 0000000000000000
0x0000008625eff000:   000000071586c918 000001dccb425530
0x0000008625eff010:   0000008625efef98 0000008625eff040
0x0000008625eff020:   0000008625eff0b8 000001dcb5b89f1c
0x0000008625eff030:   00007ff8f69d4390 0000000000000000
0x0000008625eff040:   0000000000000000 0000000700000000 

Instructions: (pc=0x00007ff8f69e1525)
0x00007ff8f69e1425:   c0 41 ff d6 eb 52 31 c0 83 7e 14 00 0f 95 c0 44
0x00007ff8f69e1435:   8d 0c c5 00 00 04 00 83 7e 0c 00 74 6b 83 7e 08
0x00007ff8f69e1445:   00 b8 00 00 ca 06 ba 00 00 cf 06 0f 44 d0 eb 5d
0x00007ff8f69e1455:   ba 00 00 0a 86 89 44 24 20 48 8d 4c 24 38 45 31
0x00007ff8f69e1465:   c0 ff d7 eb 56 ba 00 00 0a 86 48 8d 4c 24 38 45
0x00007ff8f69e1475:   31 c0 ff 15 a3 0f 06 00 8b 44 24 44 44 8b 44 24
0x00007ff8f69e1485:   38 44 8b 4c 24 3c 44 29 c8 8b 54 24 40 44 29 c2
0x00007ff8f69e1495:   48 8b 8e d8 03 00 00 89 5c 24 30 89 44 24 28 89
0x00007ff8f69e14a5:   54 24 20 48 89 fa eb 44 ba 00 00 0a 86 48 8d 4c
0x00007ff8f69e14b5:   24 38 45 31 c0 ff 15 60 0f 06 00 8b 44 24 44 44
0x00007ff8f69e14c5:   8b 44 24 38 44 8b 4c 24 3c 44 29 c8 8b 54 24 40
0x00007ff8f69e14d5:   44 29 c2 48 8b 8e d8 03 00 00 89 44 24 28 89 54
0x00007ff8f69e14e5:   24 20 c7 44 24 30 14 01 00 00 31 d2 ff 15 61 11
0x00007ff8f69e14f5:   06 00 48 8b 4c 24 60 48 31 e1 e8 1c 4c 00 00 90
0x00007ff8f69e1505:   48 83 c4 68 5b 5d 5f 5e 41 5e 41 5f c3 cc cc cc
0x00007ff8f69e1515:   cc cc cc cc cc cc cc cc cc cc cc 56 48 83 ec 20
0x00007ff8f69e1525:   48 8b b1 d8 03 00 00 ff 15 7e 0f 06 00 31 c9 48
0x00007ff8f69e1535:   39 c6 0f 94 c1 89 c8 48 83 c4 20 5e c3 cc cc cc
0x00007ff8f69e1545:   cc cc cc cc cc cc cc cc cc cc cc 48 8b 89 d8 03
0x00007ff8f69e1555:   00 00 48 ff 25 ea 0f 06 00 cc cc 48 8b 89 d8 03
0x00007ff8f69e1565:   00 00 48 ff 25 e2 0f 06 00 cc cc 48 8b 89 d8 03
0x00007ff8f69e1575:   00 00 48 ff 25 da 0f 06 00 cc cc e9 0b 00 00 00
0x00007ff8f69e1585:   cc cc cc cc cc cc cc cc cc cc cc 56 57 53 48 83
0x00007ff8f69e1595:   ec 40 48 89 ce 48 8b 05 9f 56 06 00 48 31 e0 48
0x00007ff8f69e15a5:   89 44 24 38 48 8d 4c 24 20 ff 15 1c 0f 06 00 31
0x00007ff8f69e15b5:   ff 85 c0 74 56 48 8b 4c 24 20 ff 15 e3 10 06 00
0x00007ff8f69e15c5:   48 3b 86 d8 03 00 00 75 42 48 8d 7c 24 28 48 89
0x00007ff8f69e15d5:   c1 48 89 fa ff 15 e1 0e 06 00 48 8b 8e d8 03 00
0x00007ff8f69e15e5:   00 48 8b 1d 4b 0e 06 00 48 89 fa ff d3 48 8d 54
0x00007ff8f69e15f5:   24 30 48 8b 8e d8 03 00 00 ff d3 48 8b 54 24 20
0x00007ff8f69e1605:   48 89 f9 ff 15 a2 0f 06 00 89 c7 48 8b 4c 24 38
0x00007ff8f69e1615:   48 31 e1 e8 03 4b 00 00 89 f8 48 83 c4 40 5b 5f 


Stack slot to memory mapping:
stack at sp + 0 slots: 0x0000008625efef78 is pointing into the stack for thread: 0x000001dcaa1b8570
stack at sp + 1 slots: 0x00007ff859ce4742 jvm.dll
stack at sp + 2 slots: 0x0000008625efee80 is pointing into the stack for thread: 0x000001dcaa1b8570
stack at sp + 3 slots: 0x000001dcb5bd9dea is at code_begin+3946 in 
[CodeBlob (0x000001dcb5bd8e10)]
Framesize: 0
BufferBlob (0x000001dcb5bd8e10) used for native signature handlers
stack at sp + 4 slots: 0x0000000000000057 is an unknown value
stack at sp + 5 slots: 0x00007ff8f69d43f3 glfw.dll
stack at sp + 6 slots: {method} {0x000001dccb752cf8} 'invokePV' '(JDDJ)V' in 'org/lwjgl/system/JNI'
stack at sp + 7 slots: 0x000001dcaa1b8570 is a thread


---------------  P R O C E S S  ---------------

Threads class SMR info:
_java_thread_list=0x000001dcd157fd60, length=16, elements={
0x000001dcaa1b8570, 0x000001dcca73d390, 0x000001dcca73e210, 0x000001dcca77c130,
0x000001dcca77cc00, 0x000001dcca77f8f0, 0x000001dcca7801c0, 0x000001dcca781690,
0x000001dcca782260, 0x000001dcca7857b0, 0x000001dcca93b760, 0x000001dcca93e830,
0x000001dcca93f340, 0x000001dcca944d90, 0x000001dcca94a960, 0x000001dcd68f3c50
}

Java Threads: ( => current thread )
=>0x000001dcaa1b8570 JavaThread "main" [_thread_in_native, id=29568, stack(0x0000008625e00000,0x0000008625f00000)]
  0x000001dcca73d390 JavaThread "Reference Handler" daemon [_thread_blocked, id=6348, stack(0x0000008626500000,0x0000008626600000)]
  0x000001dcca73e210 JavaThread "Finalizer" daemon [_thread_blocked, id=6152, stack(0x0000008626600000,0x0000008626700000)]
  0x000001dcca77c130 JavaThread "Signal Dispatcher" daemon [_thread_blocked, id=29040, stack(0x0000008626700000,0x0000008626800000)]
  0x000001dcca77cc00 JavaThread "Attach Listener" daemon [_thread_blocked, id=35528, stack(0x0000008626800000,0x0000008626900000)]
  0x000001dcca77f8f0 JavaThread "Service Thread" daemon [_thread_blocked, id=35324, stack(0x0000008626900000,0x0000008626a00000)]
  0x000001dcca7801c0 JavaThread "Monitor Deflation Thread" daemon [_thread_blocked, id=22264, stack(0x0000008626a00000,0x0000008626b00000)]
  0x000001dcca781690 JavaThread "C2 CompilerThread0" daemon [_thread_blocked, id=39424, stack(0x0000008626b00000,0x0000008626c00000)]
  0x000001dcca782260 JavaThread "C1 CompilerThread0" daemon [_thread_blocked, id=39360, stack(0x0000008626c00000,0x0000008626d00000)]
  0x000001dcca7857b0 JavaThread "Sweeper thread" daemon [_thread_blocked, id=9544, stack(0x0000008626d00000,0x0000008626e00000)]
  0x000001dcca93b760 JavaThread "JDWP Transport Listener: dt_socket" daemon [_thread_blocked, id=11948, stack(0x0000008626e00000,0x0000008626f00000)]
  0x000001dcca93e830 JavaThread "JDWP Event Helper Thread" daemon [_thread_blocked, id=26320, stack(0x0000008626f00000,0x0000008627000000)]
  0x000001dcca93f340 JavaThread "JDWP Command Reader" daemon [_thread_in_native, id=36844, stack(0x0000008627000000,0x0000008627100000)]
  0x000001dcca944d90 JavaThread "Notification Thread" daemon [_thread_blocked, id=34304, stack(0x0000008627100000,0x0000008627200000)]
  0x000001dcca94a960 JavaThread "Common-Cleaner" daemon [_thread_blocked, id=39888, stack(0x0000008627300000,0x0000008627400000)]
  0x000001dcd68f3c50 JavaThread "C2 CompilerThread1" daemon [_thread_blocked, id=2636, stack(0x0000008628100000,0x0000008628200000)]

Other Threads:
  0x000001dcca727540 VMThread "VM Thread" [stack: 0x0000008626400000,0x0000008626500000] [id=23948]
  0x000001dcca945680 WatcherThread [stack: 0x0000008627200000,0x0000008627300000] [id=34280]
  0x000001dcaa225920 GCTaskThread "GC Thread#0" [stack: 0x0000008625f00000,0x0000008626000000] [id=11184]
  0x000001dcaa236240 ConcurrentGCThread "G1 Main Marker" [stack: 0x0000008626000000,0x0000008626100000] [id=36000]
  0x000001dcaa236c60 ConcurrentGCThread "G1 Conc#0" [stack: 0x0000008626100000,0x0000008626200000] [id=22132]
  0x000001dcca58d220 ConcurrentGCThread "G1 Refine#0" [stack: 0x0000008626200000,0x0000008626300000] [id=34204]
  0x000001dcca58db60 ConcurrentGCThread "G1 Service" [stack: 0x0000008626300000,0x0000008626400000] [id=19816]

Threads with active compile tasks:

VM state: not at safepoint (normal execution)

VM Mutex/Monitor currently owned by a thread: None

Heap address: 0x0000000706200000, size: 3998 MB, Compressed Oops mode: Zero based, Oop shift amount: 3

CDS archive(s) not mapped
Compressed class space mapped at: 0x0000000800000000-0x0000000840000000, reserved size: 1073741824
Narrow klass base: 0x0000000800000000, Narrow klass shift: 0, Narrow klass range: 0x40000000

GC Precious Log:
 CPUs: 14 total, 14 available
 Memory: 15989M
 Large Page Support: Disabled
 NUMA Support: Disabled
 Compressed Oops: Enabled (Zero based)
 Heap Region Size: 2M
 Heap Min Capacity: 8M
 Heap Initial Capacity: 250M
 Heap Max Capacity: 3998M
 Pre-touch: Disabled
 Parallel Workers: 11
 Concurrent Workers: 3
 Concurrent Refinement Workers: 11
 Periodic GC: Disabled

Heap:
 garbage-first heap   total 256000K, used 10240K [0x0000000706200000, 0x0000000800000000)
  region size 2048K, 7 young (14336K), 0 survivors (0K)
 Metaspace       used 12309K, committed 12480K, reserved 1114112K
  class space    used 931K, committed 1024K, reserved 1048576K

Heap Regions: E=young(eden), S=young(survivor), O=old, HS=humongous(starts), HC=humongous(continues), CS=collection set, F=free, OA=open archive, CA=closed archive, TAMS=top-at-mark-start (previous, next)
|   0|0x0000000706200000, 0x0000000706200000, 0x0000000706400000|  0%| F|  |TAMS 0x0000000706200000, 0x0000000706200000| Untracked 
|   1|0x0000000706400000, 0x0000000706400000, 0x0000000706600000|  0%| F|  |TAMS 0x0000000706400000, 0x0000000706400000| Untracked 
|   2|0x0000000706600000, 0x0000000706600000, 0x0000000706800000|  0%| F|  |TAMS 0x0000000706600000, 0x0000000706600000| Untracked 
|   3|0x0000000706800000, 0x0000000706800000, 0x0000000706a00000|  0%| F|  |TAMS 0x0000000706800000, 0x0000000706800000| Untracked 
|   4|0x0000000706a00000, 0x0000000706a00000, 0x0000000706c00000|  0%| F|  |TAMS 0x0000000706a00000, 0x0000000706a00000| Untracked 
|   5|0x0000000706c00000, 0x0000000706c00000, 0x0000000706e00000|  0%| F|  |TAMS 0x0000000706c00000, 0x0000000706c00000| Untracked 
|   6|0x0000000706e00000, 0x0000000706e00000, 0x0000000707000000|  0%| F|  |TAMS 0x0000000706e00000, 0x0000000706e00000| Untracked 
|   7|0x0000000707000000, 0x0000000707000000, 0x0000000707200000|  0%| F|  |TAMS 0x0000000707000000, 0x0000000707000000| Untracked 
|   8|0x0000000707200000, 0x0000000707200000, 0x0000000707400000|  0%| F|  |TAMS 0x0000000707200000, 0x0000000707200000| Untracked 
|   9|0x0000000707400000, 0x0000000707400000, 0x0000000707600000|  0%| F|  |TAMS 0x0000000707400000, 0x0000000707400000| Untracked 
|  10|0x0000000707600000, 0x0000000707600000, 0x0000000707800000|  0%| F|  |TAMS 0x0000000707600000, 0x0000000707600000| Untracked 
|  11|0x0000000707800000, 0x0000000707800000, 0x0000000707a00000|  0%| F|  |TAMS 0x0000000707800000, 0x0000000707800000| Untracked 
|  12|0x0000000707a00000, 0x0000000707a00000, 0x0000000707c00000|  0%| F|  |TAMS 0x0000000707a00000, 0x0000000707a00000| Untracked 
|  13|0x0000000707c00000, 0x0000000707c00000, 0x0000000707e00000|  0%| F|  |TAMS 0x0000000707c00000, 0x0000000707c00000| Untracked 
|  14|0x0000000707e00000, 0x0000000707e00000, 0x0000000708000000|  0%| F|  |TAMS 0x0000000707e00000, 0x0000000707e00000| Untracked 
|  15|0x0000000708000000, 0x0000000708000000, 0x0000000708200000|  0%| F|  |TAMS 0x0000000708000000, 0x0000000708000000| Untracked 
|  16|0x0000000708200000, 0x0000000708200000, 0x0000000708400000|  0%| F|  |TAMS 0x0000000708200000, 0x0000000708200000| Untracked 
|  17|0x0000000708400000, 0x0000000708400000, 0x0000000708600000|  0%| F|  |TAMS 0x0000000708400000, 0x0000000708400000| Untracked 
|  18|0x0000000708600000, 0x0000000708600000, 0x0000000708800000|  0%| F|  |TAMS 0x0000000708600000, 0x0000000708600000| Untracked 
|  19|0x0000000708800000, 0x0000000708800000, 0x0000000708a00000|  0%| F|  |TAMS 0x0000000708800000, 0x0000000708800000| Untracked 
|  20|0x0000000708a00000, 0x0000000708a00000, 0x0000000708c00000|  0%| F|  |TAMS 0x0000000708a00000, 0x0000000708a00000| Untracked 
|  21|0x0000000708c00000, 0x0000000708c00000, 0x0000000708e00000|  0%| F|  |TAMS 0x0000000708c00000, 0x0000000708c00000| Untracked 
|  22|0x0000000708e00000, 0x0000000708e00000, 0x0000000709000000|  0%| F|  |TAMS 0x0000000708e00000, 0x0000000708e00000| Untracked 
|  23|0x0000000709000000, 0x0000000709000000, 0x0000000709200000|  0%| F|  |TAMS 0x0000000709000000, 0x0000000709000000| Untracked 
|  24|0x0000000709200000, 0x0000000709200000, 0x0000000709400000|  0%| F|  |TAMS 0x0000000709200000, 0x0000000709200000| Untracked 
|  25|0x0000000709400000, 0x0000000709400000, 0x0000000709600000|  0%| F|  |TAMS 0x0000000709400000, 0x0000000709400000| Untracked 
|  26|0x0000000709600000, 0x0000000709600000, 0x0000000709800000|  0%| F|  |TAMS 0x0000000709600000, 0x0000000709600000| Untracked 
|  27|0x0000000709800000, 0x0000000709800000, 0x0000000709a00000|  0%| F|  |TAMS 0x0000000709800000, 0x0000000709800000| Untracked 
|  28|0x0000000709a00000, 0x0000000709a00000, 0x0000000709c00000|  0%| F|  |TAMS 0x0000000709a00000, 0x0000000709a00000| Untracked 
|  29|0x0000000709c00000, 0x0000000709c00000, 0x0000000709e00000|  0%| F|  |TAMS 0x0000000709c00000, 0x0000000709c00000| Untracked 
|  30|0x0000000709e00000, 0x0000000709e00000, 0x000000070a000000|  0%| F|  |TAMS 0x0000000709e00000, 0x0000000709e00000| Untracked 
|  31|0x000000070a000000, 0x000000070a000000, 0x000000070a200000|  0%| F|  |TAMS 0x000000070a000000, 0x000000070a000000| Untracked 
|  32|0x000000070a200000, 0x000000070a200000, 0x000000070a400000|  0%| F|  |TAMS 0x000000070a200000, 0x000000070a200000| Untracked 
|  33|0x000000070a400000, 0x000000070a400000, 0x000000070a600000|  0%| F|  |TAMS 0x000000070a400000, 0x000000070a400000| Untracked 
|  34|0x000000070a600000, 0x000000070a600000, 0x000000070a800000|  0%| F|  |TAMS 0x000000070a600000, 0x000000070a600000| Untracked 
|  35|0x000000070a800000, 0x000000070a800000, 0x000000070aa00000|  0%| F|  |TAMS 0x000000070a800000, 0x000000070a800000| Untracked 
|  36|0x000000070aa00000, 0x000000070aa00000, 0x000000070ac00000|  0%| F|  |TAMS 0x000000070aa00000, 0x000000070aa00000| Untracked 
|  37|0x000000070ac00000, 0x000000070ac00000, 0x000000070ae00000|  0%| F|  |TAMS 0x000000070ac00000, 0x000000070ac00000| Untracked 
|  38|0x000000070ae00000, 0x000000070ae00000, 0x000000070b000000|  0%| F|  |TAMS 0x000000070ae00000, 0x000000070ae00000| Untracked 
|  39|0x000000070b000000, 0x000000070b000000, 0x000000070b200000|  0%| F|  |TAMS 0x000000070b000000, 0x000000070b000000| Untracked 
|  40|0x000000070b200000, 0x000000070b200000, 0x000000070b400000|  0%| F|  |TAMS 0x000000070b200000, 0x000000070b200000| Untracked 
|  41|0x000000070b400000, 0x000000070b400000, 0x000000070b600000|  0%| F|  |TAMS 0x000000070b400000, 0x000000070b400000| Untracked 
|  42|0x000000070b600000, 0x000000070b600000, 0x000000070b800000|  0%| F|  |TAMS 0x000000070b600000, 0x000000070b600000| Untracked 
|  43|0x000000070b800000, 0x000000070b800000, 0x000000070ba00000|  0%| F|  |TAMS 0x000000070b800000, 0x000000070b800000| Untracked 
|  44|0x000000070ba00000, 0x000000070ba00000, 0x000000070bc00000|  0%| F|  |TAMS 0x000000070ba00000, 0x000000070ba00000| Untracked 
|  45|0x000000070bc00000, 0x000000070bc00000, 0x000000070be00000|  0%| F|  |TAMS 0x000000070bc00000, 0x000000070bc00000| Untracked 
|  46|0x000000070be00000, 0x000000070be00000, 0x000000070c000000|  0%| F|  |TAMS 0x000000070be00000, 0x000000070be00000| Untracked 
|  47|0x000000070c000000, 0x000000070c000000, 0x000000070c200000|  0%| F|  |TAMS 0x000000070c000000, 0x000000070c000000| Untracked 
|  48|0x000000070c200000, 0x000000070c200000, 0x000000070c400000|  0%| F|  |TAMS 0x000000070c200000, 0x000000070c200000| Untracked 
|  49|0x000000070c400000, 0x000000070c400000, 0x000000070c600000|  0%| F|  |TAMS 0x000000070c400000, 0x000000070c400000| Untracked 
|  50|0x000000070c600000, 0x000000070c600000, 0x000000070c800000|  0%| F|  |TAMS 0x000000070c600000, 0x000000070c600000| Untracked 
|  51|0x000000070c800000, 0x000000070c800000, 0x000000070ca00000|  0%| F|  |TAMS 0x000000070c800000, 0x000000070c800000| Untracked 
|  52|0x000000070ca00000, 0x000000070ca00000, 0x000000070cc00000|  0%| F|  |TAMS 0x000000070ca00000, 0x000000070ca00000| Untracked 
|  53|0x000000070cc00000, 0x000000070cc00000, 0x000000070ce00000|  0%| F|  |TAMS 0x000000070cc00000, 0x000000070cc00000| Untracked 
|  54|0x000000070ce00000, 0x000000070ce00000, 0x000000070d000000|  0%| F|  |TAMS 0x000000070ce00000, 0x000000070ce00000| Untracked 
|  55|0x000000070d000000, 0x000000070d000000, 0x000000070d200000|  0%| F|  |TAMS 0x000000070d000000, 0x000000070d000000| Untracked 
|  56|0x000000070d200000, 0x000000070d200000, 0x000000070d400000|  0%| F|  |TAMS 0x000000070d200000, 0x000000070d200000| Untracked 
|  57|0x000000070d400000, 0x000000070d400000, 0x000000070d600000|  0%| F|  |TAMS 0x000000070d400000, 0x000000070d400000| Untracked 
|  58|0x000000070d600000, 0x000000070d600000, 0x000000070d800000|  0%| F|  |TAMS 0x000000070d600000, 0x000000070d600000| Untracked 
|  59|0x000000070d800000, 0x000000070d800000, 0x000000070da00000|  0%| F|  |TAMS 0x000000070d800000, 0x000000070d800000| Untracked 
|  60|0x000000070da00000, 0x000000070da00000, 0x000000070dc00000|  0%| F|  |TAMS 0x000000070da00000, 0x000000070da00000| Untracked 
|  61|0x000000070dc00000, 0x000000070dc00000, 0x000000070de00000|  0%| F|  |TAMS 0x000000070dc00000, 0x000000070dc00000| Untracked 
|  62|0x000000070de00000, 0x000000070de00000, 0x000000070e000000|  0%| F|  |TAMS 0x000000070de00000, 0x000000070de00000| Untracked 
|  63|0x000000070e000000, 0x000000070e000000, 0x000000070e200000|  0%| F|  |TAMS 0x000000070e000000, 0x000000070e000000| Untracked 
|  64|0x000000070e200000, 0x000000070e200000, 0x000000070e400000|  0%| F|  |TAMS 0x000000070e200000, 0x000000070e200000| Untracked 
|  65|0x000000070e400000, 0x000000070e400000, 0x000000070e600000|  0%| F|  |TAMS 0x000000070e400000, 0x000000070e400000| Untracked 
|  66|0x000000070e600000, 0x000000070e600000, 0x000000070e800000|  0%| F|  |TAMS 0x000000070e600000, 0x000000070e600000| Untracked 
|  67|0x000000070e800000, 0x000000070e800000, 0x000000070ea00000|  0%| F|  |TAMS 0x000000070e800000, 0x000000070e800000| Untracked 
|  68|0x000000070ea00000, 0x000000070ea00000, 0x000000070ec00000|  0%| F|  |TAMS 0x000000070ea00000, 0x000000070ea00000| Untracked 
|  69|0x000000070ec00000, 0x000000070ec00000, 0x000000070ee00000|  0%| F|  |TAMS 0x000000070ec00000, 0x000000070ec00000| Untracked 
|  70|0x000000070ee00000, 0x000000070ee00000, 0x000000070f000000|  0%| F|  |TAMS 0x000000070ee00000, 0x000000070ee00000| Untracked 
|  71|0x000000070f000000, 0x000000070f000000, 0x000000070f200000|  0%| F|  |TAMS 0x000000070f000000, 0x000000070f000000| Untracked 
|  72|0x000000070f200000, 0x000000070f200000, 0x000000070f400000|  0%| F|  |TAMS 0x000000070f200000, 0x000000070f200000| Untracked 
|  73|0x000000070f400000, 0x000000070f400000, 0x000000070f600000|  0%| F|  |TAMS 0x000000070f400000, 0x000000070f400000| Untracked 
|  74|0x000000070f600000, 0x000000070f600000, 0x000000070f800000|  0%| F|  |TAMS 0x000000070f600000, 0x000000070f600000| Untracked 
|  75|0x000000070f800000, 0x000000070f800000, 0x000000070fa00000|  0%| F|  |TAMS 0x000000070f800000, 0x000000070f800000| Untracked 
|  76|0x000000070fa00000, 0x000000070fa00000, 0x000000070fc00000|  0%| F|  |TAMS 0x000000070fa00000, 0x000000070fa00000| Untracked 
|  77|0x000000070fc00000, 0x000000070fc00000, 0x000000070fe00000|  0%| F|  |TAMS 0x000000070fc00000, 0x000000070fc00000| Untracked 
|  78|0x000000070fe00000, 0x000000070fe00000, 0x0000000710000000|  0%| F|  |TAMS 0x000000070fe00000, 0x000000070fe00000| Untracked 
|  79|0x0000000710000000, 0x0000000710000000, 0x0000000710200000|  0%| F|  |TAMS 0x0000000710000000, 0x0000000710000000| Untracked 
|  80|0x0000000710200000, 0x0000000710200000, 0x0000000710400000|  0%| F|  |TAMS 0x0000000710200000, 0x0000000710200000| Untracked 
|  81|0x0000000710400000, 0x0000000710400000, 0x0000000710600000|  0%| F|  |TAMS 0x0000000710400000, 0x0000000710400000| Untracked 
|  82|0x0000000710600000, 0x0000000710600000, 0x0000000710800000|  0%| F|  |TAMS 0x0000000710600000, 0x0000000710600000| Untracked 
|  83|0x0000000710800000, 0x0000000710800000, 0x0000000710a00000|  0%| F|  |TAMS 0x0000000710800000, 0x0000000710800000| Untracked 
|  84|0x0000000710a00000, 0x0000000710a00000, 0x0000000710c00000|  0%| F|  |TAMS 0x0000000710a00000, 0x0000000710a00000| Untracked 
|  85|0x0000000710c00000, 0x0000000710c00000, 0x0000000710e00000|  0%| F|  |TAMS 0x0000000710c00000, 0x0000000710c00000| Untracked 
|  86|0x0000000710e00000, 0x0000000710e00000, 0x0000000711000000|  0%| F|  |TAMS 0x0000000710e00000, 0x0000000710e00000| Untracked 
|  87|0x0000000711000000, 0x0000000711000000, 0x0000000711200000|  0%| F|  |TAMS 0x0000000711000000, 0x0000000711000000| Untracked 
|  88|0x0000000711200000, 0x0000000711200000, 0x0000000711400000|  0%| F|  |TAMS 0x0000000711200000, 0x0000000711200000| Untracked 
|  89|0x0000000711400000, 0x0000000711400000, 0x0000000711600000|  0%| F|  |TAMS 0x0000000711400000, 0x0000000711400000| Untracked 
|  90|0x0000000711600000, 0x0000000711600000, 0x0000000711800000|  0%| F|  |TAMS 0x0000000711600000, 0x0000000711600000| Untracked 
|  91|0x0000000711800000, 0x0000000711800000, 0x0000000711a00000|  0%| F|  |TAMS 0x0000000711800000, 0x0000000711800000| Untracked 
|  92|0x0000000711a00000, 0x0000000711a00000, 0x0000000711c00000|  0%| F|  |TAMS 0x0000000711a00000, 0x0000000711a00000| Untracked 
|  93|0x0000000711c00000, 0x0000000711c00000, 0x0000000711e00000|  0%| F|  |TAMS 0x0000000711c00000, 0x0000000711c00000| Untracked 
|  94|0x0000000711e00000, 0x0000000711e00000, 0x0000000712000000|  0%| F|  |TAMS 0x0000000711e00000, 0x0000000711e00000| Untracked 
|  95|0x0000000712000000, 0x0000000712000000, 0x0000000712200000|  0%| F|  |TAMS 0x0000000712000000, 0x0000000712000000| Untracked 
|  96|0x0000000712200000, 0x0000000712200000, 0x0000000712400000|  0%| F|  |TAMS 0x0000000712200000, 0x0000000712200000| Untracked 
|  97|0x0000000712400000, 0x0000000712400000, 0x0000000712600000|  0%| F|  |TAMS 0x0000000712400000, 0x0000000712400000| Untracked 
|  98|0x0000000712600000, 0x0000000712600000, 0x0000000712800000|  0%| F|  |TAMS 0x0000000712600000, 0x0000000712600000| Untracked 
|  99|0x0000000712800000, 0x0000000712800000, 0x0000000712a00000|  0%| F|  |TAMS 0x0000000712800000, 0x0000000712800000| Untracked 
| 100|0x0000000712a00000, 0x0000000712a00000, 0x0000000712c00000|  0%| F|  |TAMS 0x0000000712a00000, 0x0000000712a00000| Untracked 
| 101|0x0000000712c00000, 0x0000000712c00000, 0x0000000712e00000|  0%| F|  |TAMS 0x0000000712c00000, 0x0000000712c00000| Untracked 
| 102|0x0000000712e00000, 0x0000000712e00000, 0x0000000713000000|  0%| F|  |TAMS 0x0000000712e00000, 0x0000000712e00000| Untracked 
| 103|0x0000000713000000, 0x0000000713000000, 0x0000000713200000|  0%| F|  |TAMS 0x0000000713000000, 0x0000000713000000| Untracked 
| 104|0x0000000713200000, 0x0000000713200000, 0x0000000713400000|  0%| F|  |TAMS 0x0000000713200000, 0x0000000713200000| Untracked 
| 105|0x0000000713400000, 0x0000000713400000, 0x0000000713600000|  0%| F|  |TAMS 0x0000000713400000, 0x0000000713400000| Untracked 
| 106|0x0000000713600000, 0x0000000713600000, 0x0000000713800000|  0%| F|  |TAMS 0x0000000713600000, 0x0000000713600000| Untracked 
| 107|0x0000000713800000, 0x0000000713800000, 0x0000000713a00000|  0%| F|  |TAMS 0x0000000713800000, 0x0000000713800000| Untracked 
| 108|0x0000000713a00000, 0x0000000713a00000, 0x0000000713c00000|  0%| F|  |TAMS 0x0000000713a00000, 0x0000000713a00000| Untracked 
| 109|0x0000000713c00000, 0x0000000713c00000, 0x0000000713e00000|  0%| F|  |TAMS 0x0000000713c00000, 0x0000000713c00000| Untracked 
| 110|0x0000000713e00000, 0x0000000713e00000, 0x0000000714000000|  0%| F|  |TAMS 0x0000000713e00000, 0x0000000713e00000| Untracked 
| 111|0x0000000714000000, 0x0000000714000000, 0x0000000714200000|  0%| F|  |TAMS 0x0000000714000000, 0x0000000714000000| Untracked 
| 112|0x0000000714200000, 0x0000000714200000, 0x0000000714400000|  0%| F|  |TAMS 0x0000000714200000, 0x0000000714200000| Untracked 
| 113|0x0000000714400000, 0x0000000714400000, 0x0000000714600000|  0%| F|  |TAMS 0x0000000714400000, 0x0000000714400000| Untracked 
| 114|0x0000000714600000, 0x0000000714600000, 0x0000000714800000|  0%| F|  |TAMS 0x0000000714600000, 0x0000000714600000| Untracked 
| 115|0x0000000714800000, 0x0000000714800000, 0x0000000714a00000|  0%| F|  |TAMS 0x0000000714800000, 0x0000000714800000| Untracked 
| 116|0x0000000714a00000, 0x0000000714a00000, 0x0000000714c00000|  0%| F|  |TAMS 0x0000000714a00000, 0x0000000714a00000| Untracked 
| 117|0x0000000714c00000, 0x0000000714c00000, 0x0000000714e00000|  0%| F|  |TAMS 0x0000000714c00000, 0x0000000714c00000| Untracked 
| 118|0x0000000714e00000, 0x0000000714e09e28, 0x0000000715000000|  1%| E|  |TAMS 0x0000000714e00000, 0x0000000714e00000| Complete 
| 119|0x0000000715000000, 0x0000000715200000, 0x0000000715200000|100%| E|CS|TAMS 0x0000000715000000, 0x0000000715000000| Complete 
| 120|0x0000000715200000, 0x0000000715400000, 0x0000000715400000|100%| E|  |TAMS 0x0000000715200000, 0x0000000715200000| Complete 
| 121|0x0000000715400000, 0x0000000715600000, 0x0000000715600000|100%| E|CS|TAMS 0x0000000715400000, 0x0000000715400000| Complete 
| 122|0x0000000715600000, 0x0000000715800000, 0x0000000715800000|100%| E|CS|TAMS 0x0000000715600000, 0x0000000715600000| Complete 
| 123|0x0000000715800000, 0x0000000715a00000, 0x0000000715a00000|100%| E|CS|TAMS 0x0000000715800000, 0x0000000715800000| Complete 
| 124|0x0000000715a00000, 0x0000000715c00000, 0x0000000715c00000|100%| E|CS|TAMS 0x0000000715a00000, 0x0000000715a00000| Complete 

Card table byte_map: [0x000001dcbebd0000,0x000001dcbf3a0000] _byte_map_base: 0x000001dcbb39f000

Marking Bits (Prev, Next): (CMBitMap*) 0x000001dcaa225f40, (CMBitMap*) 0x000001dcaa225f80
 Prev Bits: [0x000001dcbfb70000, 0x000001dcc39e8000)
 Next Bits: [0x000001dcc39f0000, 0x000001dcc7868000)

Polling page: 0x000001dcaa270000

Metaspace:

Usage:
  Non-class:     11.11 MB used.
      Class:    931.20 KB used.
       Both:     12.02 MB used.

Virtual space:
  Non-class space:       64.00 MB reserved,      11.19 MB ( 17%) committed,  1 nodes.
      Class space:        1.00 GB reserved,       1.00 MB ( <1%) committed,  1 nodes.
             Both:        1.06 GB reserved,      12.19 MB (  1%) committed. 

Chunk freelists:
   Non-Class:  4.78 MB
       Class:  14.95 MB
        Both:  19.73 MB

MaxMetaspaceSize: unlimited
CompressedClassSpaceSize: 1.00 GB
Initial GC threshold: 21.00 MB
Current GC threshold: 21.00 MB
CDS: off
MetaspaceReclaimPolicy: balanced
 - commit_granule_bytes: 65536.
 - commit_granule_words: 8192.
 - virtual_space_node_default_size: 8388608.
 - enlarge_chunks_in_place: 1.
 - new_chunks_are_fully_committed: 0.
 - uncommit_free_chunks: 1.
 - use_allocation_guard: 0.
 - handle_deallocations: 1.


Internal statistics:

num_allocs_failed_limit: 0.
num_arena_births: 80.
num_arena_deaths: 0.
num_vsnodes_births: 2.
num_vsnodes_deaths: 0.
num_space_committed: 193.
num_space_uncommitted: 0.
num_chunks_returned_to_freelist: 0.
num_chunks_taken_from_freelist: 268.
num_chunk_merges: 0.
num_chunk_splits: 183.
num_chunks_enlarged: 138.
num_inconsistent_stats: 0.

CodeHeap 'non-profiled nmethods': size=120000Kb used=237Kb max_used=237Kb free=119763Kb
 bounds [0x000001dcb6120000, 0x000001dcb6390000, 0x000001dcbd650000]
CodeHeap 'profiled nmethods': size=120000Kb used=1214Kb max_used=1214Kb free=118785Kb
 bounds [0x000001dcae650000, 0x000001dcae8c0000, 0x000001dcb5b80000]
CodeHeap 'non-nmethods': size=5760Kb used=1753Kb max_used=1770Kb free=4007Kb
 bounds [0x000001dcb5b80000, 0x000001dcb5df0000, 0x000001dcb6120000]
 total_blobs=1875 nmethods=736 adapters=1052
 compilation: enabled
              stopped_count=0, restarted_count=0
 full_count=0

Compilation events (20 events):
Event: 1.350 Thread 0x000001dcca782260  730       3       sun.nio.ch.Util::getTemporaryDirectBuffer (55 bytes)
Event: 1.351 Thread 0x000001dcca782260 nmethod 730 0x000001dcae777b10 code [0x000001dcae777d80, 0x000001dcae7787e8]
Event: 1.351 Thread 0x000001dcca782260  731       3       sun.nio.ch.Util$BufferCache::get (164 bytes)
Event: 1.352 Thread 0x000001dcca782260 nmethod 731 0x000001dcae778b90 code [0x000001dcae778dc0, 0x000001dcae7797f8]
Event: 1.352 Thread 0x000001dcca782260  732   !   3       sun.nio.ch.IOUtil::readIntoNativeBuffer (173 bytes)
Event: 1.352 Thread 0x000001dcca782260 nmethod 732 0x000001dcae779b90 code [0x000001dcae779e60, 0x000001dcae77ac78]
Event: 1.352 Thread 0x000001dcca782260  733       3       sun.nio.ch.IOUtil::acquireScope (11 bytes)
Event: 1.353 Thread 0x000001dcca782260 nmethod 733 0x000001dcae77b390 code [0x000001dcae77b520, 0x000001dcae77b668]
Event: 1.353 Thread 0x000001dcd68f3c50 nmethod 722 0x000001dcb6159510 code [0x000001dcb61596a0, 0x000001dcb6159a18]
Event: 1.353 Thread 0x000001dcca782260  734   !   3       sun.nio.ch.ChannelInputStream::read (95 bytes)
Event: 1.353 Thread 0x000001dcd68f3c50  720       4       java.lang.AbstractStringBuilder::putStringAt (12 bytes)
Event: 1.353 Thread 0x000001dcca782260 nmethod 734 0x000001dcae77b710 code [0x000001dcae77b960, 0x000001dcae77c308]
Event: 1.353 Thread 0x000001dcca782260  735   !   3       java.nio.ByteBuffer::putBuffer (142 bytes)
Event: 1.354 Thread 0x000001dcca781690 nmethod 719 0x000001dcb6159c90 code [0x000001dcb6159e40, 0x000001dcb615a508]
Event: 1.354 Thread 0x000001dcca781690  721       4       java.lang.String::getBytes (46 bytes)
Event: 1.354 Thread 0x000001dcca782260 nmethod 735 0x000001dcae77c790 code [0x000001dcae77ca40, 0x000001dcae77d8d8]
Event: 1.355 Thread 0x000001dcca781690 nmethod 721 0x000001dcb615a990 code [0x000001dcb615ab00, 0x000001dcb615acb8]
Event: 1.355 Thread 0x000001dcd68f3c50 nmethod 720 0x000001dcb615ae10 code [0x000001dcb615afa0, 0x000001dcb615b1b8]
Event: 1.357 Thread 0x000001dcca782260  736       3       java.net.URLStreamHandler::setURL (73 bytes)
Event: 1.358 Thread 0x000001dcca782260 nmethod 736 0x000001dcae77e110 code [0x000001dcae77e400, 0x000001dcae77f278]

GC Heap History (0 events):
No events

Dll operation events (9 events):
Event: 0.005 Loaded shared library C:\Users\jhons\.vscode\extensions\redhat.java-1.37.0-win32-x64\jre\17.0.13-win32-x86_64\bin\java.dll
Event: 0.119 Loaded shared library C:\Users\jhons\.vscode\extensions\redhat.java-1.37.0-win32-x64\jre\17.0.13-win32-x86_64\bin\net.dll
Event: 0.120 Loaded shared library C:\Users\jhons\.vscode\extensions\redhat.java-1.37.0-win32-x64\jre\17.0.13-win32-x86_64\bin\nio.dll
Event: 0.126 Loaded shared library C:\Users\jhons\.vscode\extensions\redhat.java-1.37.0-win32-x64\jre\17.0.13-win32-x86_64\bin\zip.dll
Event: 0.132 Loaded shared library C:\Users\jhons\.vscode\extensions\redhat.java-1.37.0-win32-x64\jre\17.0.13-win32-x86_64\bin\verify.dll
Event: 0.212 Loaded shared library C:\Users\jhons\.vscode\extensions\redhat.java-1.37.0-win32-x64\jre\17.0.13-win32-x86_64\bin\jimage.dll
Event: 0.242 Loaded shared library C:\Users\jhons\AppData\Local\Temp\lwjgl_jhons\3.3.4+7\x64\lwjgl.dll
Event: 1.172 Loaded shared library C:\Users\jhons\AppData\Local\Temp\lwjgl_jhons\3.3.4+7\x64\lwjgl_opengl.dll
Event: 1.347 Loaded shared library C:\Users\jhons\AppData\Local\Temp\lwjgl_jhons\3.3.4+7\x64\lwjgl_stb.dll

Deoptimization events (20 events):
Event: 0.317 Thread 0x000001dcaa1b8570 DEOPT PACKING pc=0x000001dcae6d0ff4 sp=0x0000008625efde60
Event: 0.317 Thread 0x000001dcaa1b8570 DEOPT UNPACKING pc=0x000001dcb5bd7143 sp=0x0000008625efd2e8 mode 0
Event: 0.318 Thread 0x000001dcaa1b8570 DEOPT PACKING pc=0x000001dcae6d113c sp=0x0000008625efde60
Event: 0.318 Thread 0x000001dcaa1b8570 DEOPT UNPACKING pc=0x000001dcb5bd7143 sp=0x0000008625efd2e8 mode 0
Event: 0.346 Thread 0x000001dcaa1b8570 DEOPT PACKING pc=0x000001dcae6680c6 sp=0x0000008625efc550
Event: 0.346 Thread 0x000001dcaa1b8570 DEOPT UNPACKING pc=0x000001dcb5bd7143 sp=0x0000008625efb970 mode 0
Event: 1.199 Thread 0x000001dcaa1b8570 Uncommon trap: trap_request=0xffffff54 fr.pc=0x000001dcb61500ec relative=0x000000000000006c
Event: 1.199 Thread 0x000001dcaa1b8570 Uncommon trap: reason=speculate_null_assert action=make_not_entrant pc=0x000001dcb61500ec method=sun.misc.Unsafe.putLong(Ljava/lang/Object;JJ)V @ 7 c2
Event: 1.199 Thread 0x000001dcaa1b8570 DEOPT PACKING pc=0x000001dcb61500ec sp=0x0000008625efea80
Event: 1.199 Thread 0x000001dcaa1b8570 DEOPT UNPACKING pc=0x000001dcb5bd69a3 sp=0x0000008625efea18 mode 2
Event: 1.268 Thread 0x000001dcaa1b8570 Uncommon trap: trap_request=0xffffff45 fr.pc=0x000001dcb613fc10 relative=0x0000000000000090
Event: 1.268 Thread 0x000001dcaa1b8570 Uncommon trap: reason=unstable_if action=reinterpret pc=0x000001dcb613fc10 method=jdk.internal.misc.Unsafe.convEndian(ZI)I @ 4 c2
Event: 1.268 Thread 0x000001dcaa1b8570 DEOPT PACKING pc=0x000001dcb613fc10 sp=0x0000008625efbe50
Event: 1.268 Thread 0x000001dcaa1b8570 DEOPT UNPACKING pc=0x000001dcb5bd69a3 sp=0x0000008625efbd90 mode 2
Event: 1.325 Thread 0x000001dcaa1b8570 DEOPT PACKING pc=0x000001dcae67fc4f sp=0x0000008625efc320
Event: 1.325 Thread 0x000001dcaa1b8570 DEOPT UNPACKING pc=0x000001dcb5bd7143 sp=0x0000008625efb780 mode 0
Event: 1.341 Thread 0x000001dcaa1b8570 Uncommon trap: trap_request=0xffffff6e fr.pc=0x000001dcb61587a4 relative=0x0000000000000404
Event: 1.341 Thread 0x000001dcaa1b8570 Uncommon trap: reason=loop_limit_check action=maybe_recompile pc=0x000001dcb61587a4 method=java.lang.StringLatin1.indexOf([BI[BII)I @ 37 c2
Event: 1.341 Thread 0x000001dcaa1b8570 DEOPT PACKING pc=0x000001dcb61587a4 sp=0x0000008625efd3b0
Event: 1.341 Thread 0x000001dcaa1b8570 DEOPT UNPACKING pc=0x000001dcb5bd69a3 sp=0x0000008625efd310 mode 2

Classes loaded (20 events):
Event: 1.278 Loading class java/util/stream/FindOps$FindOp
Event: 1.278 Loading class java/util/stream/TerminalOp
Event: 1.278 Loading class java/util/stream/TerminalOp done
Event: 1.278 Loading class java/util/stream/FindOps$FindOp done
Event: 1.278 Loading class java/util/OptionalInt
Event: 1.278 Loading class java/util/OptionalInt done
Event: 1.278 Loading class java/util/function/Predicate
Event: 1.278 Loading class java/util/function/Predicate done
Event: 1.279 Loading class java/util/stream/IntPipeline$10$1
Event: 1.279 Loading class java/util/stream/Sink$ChainedInt
Event: 1.279 Loading class java/util/stream/Sink$ChainedInt done
Event: 1.279 Loading class java/util/stream/IntPipeline$10$1 done
Event: 1.279 Loading class java/lang/StringUTF16$CharsSpliterator
Event: 1.279 Loading class java/lang/StringUTF16$CharsSpliterator done
Event: 1.279 Loading class java/lang/CharacterData00
Event: 1.279 Loading class java/lang/CharacterData00 done
Event: 1.286 Loading class java/lang/SecurityException
Event: 1.286 Loading class java/lang/SecurityException done
Event: 1.345 Loading class jdk/internal/misc/ScopedMemoryAccess$Scope
Event: 1.345 Loading class jdk/internal/misc/ScopedMemoryAccess$Scope done

Classes unloaded (0 events):
No events

Classes redefined (0 events):
No events

Internal exceptions (20 events):
Event: 0.201 Thread 0x000001dcaa1b8570 Exception <a 'java/lang/NoSuchMethodError'{0x000000071592f330}: 'int java.lang.invoke.DirectMethodHandle$Holder.invokeSpecial(java.lang.Object, java.lang.Object, java.lang.Object)'> (0x000000071592f330) 
thrown [s\src\hotspot\share\interpreter\linkResolver.cpp, line 759]
Event: 0.246 Thread 0x000001dcaa1b8570 Exception <a 'sun/nio/fs/WindowsException'{0x00000007159bc550}> (0x00000007159bc550) 
thrown [s\src\hotspot\share\prims\jni.cpp, line 516]
Event: 0.246 Thread 0x000001dcaa1b8570 Exception <a 'sun/nio/fs/WindowsException'{0x00000007159bcaa0}> (0x00000007159bcaa0) 
thrown [s\src\hotspot\share\prims\jni.cpp, line 516]
Event: 0.292 Thread 0x000001dcaa1b8570 Exception <a 'sun/nio/fs/WindowsException'{0x000000071566d460}> (0x000000071566d460) 
thrown [s\src\hotspot\share\prims\jni.cpp, line 516]
Event: 0.292 Thread 0x000001dcaa1b8570 Exception <a 'sun/nio/fs/WindowsException'{0x000000071566d7c0}> (0x000000071566d7c0) 
thrown [s\src\hotspot\share\prims\jni.cpp, line 516]
Event: 0.298 Thread 0x000001dcaa1b8570 Exception <a 'java/lang/NoSuchMethodError'{0x000000071569ff48}: 'java.lang.Object java.lang.invoke.DirectMethodHandle$Holder.invokeStaticInit(java.lang.Object)'> (0x000000071569ff48) 
thrown [s\src\hotspot\share\interpreter\linkResolver.cpp, line 759]
Event: 0.302 Thread 0x000001dcaa1b8570 Exception <a 'java/lang/NoSuchMethodError'{0x00000007156bd438}: 'int java.lang.invoke.DirectMethodHandle$Holder.invokeStaticInit(java.lang.Object, java.lang.Object, int, long)'> (0x00000007156bd438) 
thrown [s\src\hotspot\share\interpreter\linkResolver.cpp, line 759]
Event: 0.303 Thread 0x000001dcaa1b8570 Exception <a 'java/lang/NoSuchMethodError'{0x00000007156c2d00}: 'java.lang.Object java.lang.invoke.DirectMethodHandle$Holder.newInvokeSpecial(java.lang.Object, java.lang.Object, int)'> (0x00000007156c2d00) 
thrown [s\src\hotspot\share\interpreter\linkResolver.cpp, line 759]
Event: 0.305 Thread 0x000001dcaa1b8570 Exception <a 'java/lang/NoSuchMethodError'{0x00000007156d1ff0}: 'int java.lang.invoke.DirectMethodHandle$Holder.invokeStaticInit(java.lang.Object, java.lang.Object, long, long)'> (0x00000007156d1ff0) 
thrown [s\src\hotspot\share\interpreter\linkResolver.cpp, line 759]
Event: 0.306 Thread 0x000001dcaa1b8570 Exception <a 'java/lang/NoSuchMethodError'{0x00000007156d8168}: 'java.lang.Object java.lang.invoke.DirectMethodHandle$Holder.newInvokeSpecial(java.lang.Object, java.lang.Object, long)'> (0x00000007156d8168) 
thrown [s\src\hotspot\share\interpreter\linkResolver.cpp, line 759]
Event: 0.306 Thread 0x000001dcaa1b8570 Exception <a 'java/lang/NoSuchMethodError'{0x00000007156dc458}: 'java.lang.Object java.lang.invoke.Invokers$Holder.linkToTargetMethod(java.lang.Object, long, java.lang.Object)'> (0x00000007156dc458) 
thrown [s\src\hotspot\share\interpreter\linkResolver.cpp, line 759]
Event: 0.306 Thread 0x000001dcaa1b8570 Exception <a 'java/lang/NoSuchMethodError'{0x00000007156e3de0}: 'int java.lang.invoke.DirectMethodHandle$Holder.invokeStaticInit(java.lang.Object, java.lang.Object, java.lang.Object, long)'> (0x00000007156e3de0) 
thrown [s\src\hotspot\share\interpreter\linkResolver.cpp, line 759]
Event: 1.099 Thread 0x000001dcaa1b8570 Exception <a 'java/lang/NoSuchMethodError'{0x00000007157b3370}: 'void java.lang.invoke.DirectMethodHandle$Holder.invokeStatic(java.lang.Object, int, long)'> (0x00000007157b3370) 
thrown [s\src\hotspot\share\interpreter\linkResolver.cpp, line 759]
Event: 1.170 Thread 0x000001dcaa1b8570 Exception <a 'sun/nio/fs/WindowsException'{0x000000071543c778}> (0x000000071543c778) 
thrown [s\src\hotspot\share\prims\jni.cpp, line 516]
Event: 1.170 Thread 0x000001dcaa1b8570 Exception <a 'sun/nio/fs/WindowsException'{0x000000071543cb18}> (0x000000071543cb18) 
thrown [s\src\hotspot\share\prims\jni.cpp, line 516]
Event: 1.175 Thread 0x000001dcaa1b8570 Exception <a 'sun/nio/fs/WindowsException'{0x00000007154469c8}> (0x00000007154469c8) 
thrown [s\src\hotspot\share\prims\jni.cpp, line 516]
Event: 1.175 Thread 0x000001dcaa1b8570 Exception <a 'sun/nio/fs/WindowsException'{0x0000000715446c98}> (0x0000000715446c98) 
thrown [s\src\hotspot\share\prims\jni.cpp, line 516]
Event: 1.230 Thread 0x000001dcaa1b8570 Exception <a 'java/lang/NoSuchMethodError'{0x000000071524ac00}: 'void java.lang.invoke.DirectMethodHandle$Holder.invokeStatic(java.lang.Object, int)'> (0x000000071524ac00) 
thrown [s\src\hotspot\share\interpreter\linkResolver.cpp, line 759]
Event: 1.346 Thread 0x000001dcaa1b8570 Exception <a 'sun/nio/fs/WindowsException'{0x00000007151ae090}> (0x00000007151ae090) 
thrown [s\src\hotspot\share\prims\jni.cpp, line 516]
Event: 1.346 Thread 0x000001dcaa1b8570 Exception <a 'sun/nio/fs/WindowsException'{0x00000007151ae410}> (0x00000007151ae410) 
thrown [s\src\hotspot\share\prims\jni.cpp, line 516]

VM Operations (6 events):
Event: 0.061 Executing VM operation: ChangeBreakpoints
Event: 0.061 Executing VM operation: ChangeBreakpoints done
Event: 0.127 Executing VM operation: HandshakeAllThreads
Event: 0.127 Executing VM operation: HandshakeAllThreads done
Event: 1.129 Executing VM operation: Cleanup
Event: 1.129 Executing VM operation: Cleanup done

Memory protections (0 events):
No events

Nmethod flushes (0 events):
No events

Events (16 events):
Event: 0.021 Thread 0x000001dcaa1b8570 Thread added: 0x000001dcaa1b8570
Event: 0.027 Thread 0x000001dcaa1b8570 Thread added: 0x000001dcca73d390
Event: 0.027 Thread 0x000001dcaa1b8570 Thread added: 0x000001dcca73e210
Event: 0.037 Thread 0x000001dcaa1b8570 Thread added: 0x000001dcca77c130
Event: 0.037 Thread 0x000001dcaa1b8570 Thread added: 0x000001dcca77cc00
Event: 0.037 Thread 0x000001dcaa1b8570 Thread added: 0x000001dcca77f8f0
Event: 0.037 Thread 0x000001dcaa1b8570 Thread added: 0x000001dcca7801c0
Event: 0.037 Thread 0x000001dcaa1b8570 Thread added: 0x000001dcca781690
Event: 0.037 Thread 0x000001dcaa1b8570 Thread added: 0x000001dcca782260
Event: 0.037 Thread 0x000001dcaa1b8570 Thread added: 0x000001dcca7857b0
Event: 0.061 Thread 0x000001dcaa1b8570 Thread added: 0x000001dcca93b760
Event: 0.061 Thread 0x000001dcaa1b8570 Thread added: 0x000001dcca93e830
Event: 0.061 Thread 0x000001dcca93b760 Thread added: 0x000001dcca93f340
Event: 0.105 Thread 0x000001dcaa1b8570 Thread added: 0x000001dcca944d90
Event: 0.110 Thread 0x000001dcaa1b8570 Thread added: 0x000001dcca94a960
Event: 1.179 Thread 0x000001dcca782260 Thread added: 0x000001dcd68f3c50


Dynamic libraries:
0x00007ff7a61e0000 - 0x00007ff7a61ee000 	C:\Users\jhons\.vscode\extensions\redhat.java-1.37.0-win32-x64\jre\17.0.13-win32-x86_64\bin\java.exe
0x00007ff920930000 - 0x00007ff920b47000 	C:\Windows\SYSTEM32\ntdll.dll
0x00007ff9205d0000 - 0x00007ff920694000 	C:\Windows\System32\KERNEL32.DLL
0x00007ff91de10000 - 0x00007ff91e1ca000 	C:\Windows\System32\KERNELBASE.dll
0x00007ff91dc10000 - 0x00007ff91dd21000 	C:\Windows\System32\ucrtbase.dll
0x00007ff8fd4d0000 - 0x00007ff8fd4e7000 	C:\Users\jhons\.vscode\extensions\redhat.java-1.37.0-win32-x64\jre\17.0.13-win32-x86_64\bin\jli.dll
0x00007ff8faea0000 - 0x00007ff8faebe000 	C:\Users\jhons\.vscode\extensions\redhat.java-1.37.0-win32-x64\jre\17.0.13-win32-x86_64\bin\VCRUNTIME140.dll
0x00007ff91eed0000 - 0x00007ff91f07e000 	C:\Windows\System32\USER32.dll
0x00007ff91dde0000 - 0x00007ff91de06000 	C:\Windows\System32\win32u.dll
0x00007ff913750000 - 0x00007ff9139e2000 	C:\Windows\WinSxS\amd64_microsoft.windows.common-controls_6595b64144ccf1df_6.0.22621.4541_none_2710d1c57384c085\COMCTL32.dll
0x00007ff91eea0000 - 0x00007ff91eec9000 	C:\Windows\System32\GDI32.dll
0x00007ff91e650000 - 0x00007ff91e6f7000 	C:\Windows\System32\msvcrt.dll
0x00007ff91e4a0000 - 0x00007ff91e5bb000 	C:\Windows\System32\gdi32full.dll
0x00007ff91e290000 - 0x00007ff91e32a000 	C:\Windows\System32\msvcp_win.dll
0x00007ff91e9c0000 - 0x00007ff91e9f1000 	C:\Windows\System32\IMM32.DLL
0x00007ff9120b0000 - 0x00007ff9120bc000 	C:\Users\jhons\.vscode\extensions\redhat.java-1.37.0-win32-x64\jre\17.0.13-win32-x86_64\bin\vcruntime140_1.dll
0x00007ff8f3da0000 - 0x00007ff8f3e2d000 	C:\Users\jhons\.vscode\extensions\redhat.java-1.37.0-win32-x64\jre\17.0.13-win32-x86_64\bin\msvcp140.dll
0x00007ff859960000 - 0x00007ff85a5cb000 	C:\Users\jhons\.vscode\extensions\redhat.java-1.37.0-win32-x64\jre\17.0.13-win32-x86_64\bin\server\jvm.dll
0x00007ff91f760000 - 0x00007ff91f812000 	C:\Windows\System32\ADVAPI32.dll
0x00007ff91f440000 - 0x00007ff91f4e7000 	C:\Windows\System32\sechost.dll
0x00007ff91ddb0000 - 0x00007ff91ddd8000 	C:\Windows\System32\bcrypt.dll
0x00007ff91f080000 - 0x00007ff91f194000 	C:\Windows\System32\RPCRT4.dll
0x00007ff9206b0000 - 0x00007ff920721000 	C:\Windows\System32\WS2_32.dll
0x00007ff91a560000 - 0x00007ff91a594000 	C:\Windows\SYSTEM32\WINMM.dll
0x00007ff91ca60000 - 0x00007ff91caad000 	C:\Windows\SYSTEM32\POWRPROF.dll
0x00007ff911cc0000 - 0x00007ff911cca000 	C:\Windows\SYSTEM32\VERSION.dll
0x00007ff91ca40000 - 0x00007ff91ca53000 	C:\Windows\SYSTEM32\UMPDC.dll
0x00007ff91cca0000 - 0x00007ff91ccb8000 	C:\Windows\SYSTEM32\kernel.appcore.dll
0x00007ff912020000 - 0x00007ff91202a000 	C:\Users\jhons\.vscode\extensions\redhat.java-1.37.0-win32-x64\jre\17.0.13-win32-x86_64\bin\jimage.dll
0x00007ff91b3e0000 - 0x00007ff91b612000 	C:\Windows\SYSTEM32\DBGHELP.DLL
0x00007ff91ea00000 - 0x00007ff91ed8f000 	C:\Windows\System32\combase.dll
0x00007ff91f680000 - 0x00007ff91f757000 	C:\Windows\System32\OLEAUT32.dll
0x00007ff91a5a0000 - 0x00007ff91a5d2000 	C:\Windows\SYSTEM32\dbgcore.DLL
0x00007ff91dd30000 - 0x00007ff91ddab000 	C:\Windows\System32\bcryptPrimitives.dll
0x00007ff8f6a60000 - 0x00007ff8f6a9b000 	C:\Users\jhons\.vscode\extensions\redhat.java-1.37.0-win32-x64\jre\17.0.13-win32-x86_64\bin\jdwp.dll
0x00007ff8f80e0000 - 0x00007ff8f8105000 	C:\Users\jhons\.vscode\extensions\redhat.java-1.37.0-win32-x64\jre\17.0.13-win32-x86_64\bin\java.dll
0x00007ff8f7ee0000 - 0x00007ff8f7ef8000 	C:\Users\jhons\.vscode\extensions\redhat.java-1.37.0-win32-x64\jre\17.0.13-win32-x86_64\bin\zip.dll
0x00007ff91fca0000 - 0x00007ff920518000 	C:\Windows\System32\SHELL32.dll
0x00007ff91bb10000 - 0x00007ff91c418000 	C:\Windows\SYSTEM32\windows.storage.dll
0x00007ff91b9d0000 - 0x00007ff91bb0f000 	C:\Windows\SYSTEM32\wintypes.dll
0x00007ff91e700000 - 0x00007ff91e7fa000 	C:\Windows\System32\SHCORE.dll
0x00007ff91ee20000 - 0x00007ff91ee7e000 	C:\Windows\System32\shlwapi.dll
0x00007ff91db40000 - 0x00007ff91db6b000 	C:\Windows\SYSTEM32\profapi.dll
0x00007ff910ec0000 - 0x00007ff910ecc000 	C:\Users\jhons\.vscode\extensions\redhat.java-1.37.0-win32-x64\jre\17.0.13-win32-x86_64\bin\dt_socket.dll
0x00007ff91c6f0000 - 0x00007ff91c71d000 	C:\Windows\SYSTEM32\IPHLPAPI.DLL
0x00007ff91d170000 - 0x00007ff91d1d9000 	C:\Windows\system32\mswsock.dll
0x00007ff91c720000 - 0x00007ff91c822000 	C:\Windows\SYSTEM32\DNSAPI.dll
0x00007ff91f1a0000 - 0x00007ff91f1a9000 	C:\Windows\System32\NSI.dll
0x00007ff916100000 - 0x00007ff91610a000 	C:\Windows\System32\rasadhlp.dll
0x00007ff915c30000 - 0x00007ff915cb3000 	C:\Windows\System32\fwpuclnt.dll
0x00007ff8f68d0000 - 0x00007ff8f68e9000 	C:\Users\jhons\.vscode\extensions\redhat.java-1.37.0-win32-x64\jre\17.0.13-win32-x86_64\bin\net.dll
0x00007ff918bd0000 - 0x00007ff918d06000 	C:\Windows\SYSTEM32\WINHTTP.dll
0x00007ff8f4a00000 - 0x00007ff8f4a16000 	C:\Users\jhons\.vscode\extensions\redhat.java-1.37.0-win32-x64\jre\17.0.13-win32-x86_64\bin\nio.dll
0x00007ff911c40000 - 0x00007ff911c50000 	C:\Users\jhons\.vscode\extensions\redhat.java-1.37.0-win32-x64\jre\17.0.13-win32-x86_64\bin\verify.dll
0x00007ff8e7440000 - 0x00007ff8e74bb000 	C:\Users\jhons\AppData\Local\Temp\lwjgl_jhons\3.3.4+7\x64\lwjgl.dll
0x00007ff8f69d0000 - 0x00007ff8f6a55000 	C:\Users\jhons\AppData\Local\Temp\lwjgl_jhons\3.3.4+7\x64\glfw.dll
0x00007ff8f6980000 - 0x00007ff8f69c6000 	C:\Windows\SYSTEM32\dinput8.dll
0x00007ff913cd0000 - 0x00007ff913ce1000 	C:\Windows\SYSTEM32\xinput1_4.dll
0x00007ff91d900000 - 0x00007ff91d94e000 	C:\Windows\SYSTEM32\cfgmgr32.dll
0x00007ff91d8d0000 - 0x00007ff91d8fc000 	C:\Windows\SYSTEM32\DEVOBJ.dll
0x00007ff91a0c0000 - 0x00007ff91a0eb000 	C:\Windows\SYSTEM32\dwmapi.dll
0x00007ff8fcee0000 - 0x00007ff8fd0f4000 	C:\Windows\SYSTEM32\inputhost.dll
0x00007ff9178d0000 - 0x00007ff917a03000 	C:\Windows\SYSTEM32\CoreMessaging.dll
0x00007ff919e30000 - 0x00007ff919ee1000 	C:\Windows\system32\uxtheme.dll
0x00007ff91d370000 - 0x00007ff91d37c000 	C:\Windows\SYSTEM32\CRYPTBASE.DLL
0x00007ff91f4f0000 - 0x00007ff91f651000 	C:\Windows\System32\MSCTF.dll
0x00007ff873330000 - 0x00007ff873430000 	C:\Windows\SYSTEM32\opengl32.dll
0x00007ff8de220000 - 0x00007ff8de24d000 	C:\Windows\SYSTEM32\GLU32.dll
0x00007ff91ae30000 - 0x00007ff91ae67000 	C:\Windows\SYSTEM32\dxcore.dll
0x00007ff911500000 - 0x00007ff911549000 	C:\Windows\SYSTEM32\directxdatabasehelper.dll
0x00007ff920520000 - 0x00007ff9205d0000 	C:\Windows\System32\clbcatq.dll
0x00007ff850960000 - 0x00007ff851dca000 	C:\Windows\System32\DriverStore\FileRepository\iigd_dch.inf_amd64_2727f47d6a4671db\igxelpgicd64.dll
0x00007ff91f230000 - 0x00007ff91f3d5000 	C:\Windows\System32\ole32.dll
0x00007ff919fb0000 - 0x00007ff91a0a7000 	C:\Windows\SYSTEM32\dxgi.dll
0x00007ff8e8410000 - 0x00007ff8e8436000 	C:\Windows\SYSTEM32\d3d12.dll
0x00007ff8db740000 - 0x00007ff8db889000 	C:\Windows\System32\DriverStore\FileRepository\iigd_dch.inf_amd64_2727f47d6a4671db\igdml64.dll
0x00007ff90bfe0000 - 0x00007ff90c420000 	C:\Windows\System32\DriverStore\FileRepository\iigd_dch.inf_amd64_2727f47d6a4671db\igdgmm64.dll
0x00007ff872b90000 - 0x00007ff872d92000 	C:\Windows\SYSTEM32\D3D12Core.dll
0x00007ff911810000 - 0x00007ff911972000 	C:\Windows\SYSTEM32\drvstore.dll
0x00007ff90bfb0000 - 0x00007ff90bfd6000 	C:\Windows\System32\DriverStore\FileRepository\iigd_dch.inf_amd64_2727f47d6a4671db\igc64.dll
0x00007ff903bc0000 - 0x00007ff907ac9000 	C:\Windows\System32\DriverStore\FileRepository\iigd_dch.inf_amd64_2727f47d6a4671db\igc1464.dll
0x00007ff872aa0000 - 0x00007ff872acf000 	C:\Windows\SYSTEM32\D3DSCache.dll
0x00007ff91d210000 - 0x00007ff91d238000 	C:\Windows\SYSTEM32\USERENV.dll
0x00007ff91d410000 - 0x00007ff91d42b000 	C:\Windows\SYSTEM32\CRYPTSP.dll
0x00007ff91cc60000 - 0x00007ff91cc95000 	C:\Windows\system32\rsaenh.dll
0x00007ff9140a0000 - 0x00007ff914344000 	C:\Windows\SYSTEM32\twinapi.appcore.dll
0x00007ff917670000 - 0x00007ff9178c5000 	C:\Windows\SYSTEM32\dcomp.dll
0x00007ff8eacf0000 - 0x00007ff8ead18000 	C:\Windows\System32\DriverStore\FileRepository\iigd_dch.inf_amd64_2727f47d6a4671db\igd12umd64.dll
0x00007ff84cf90000 - 0x00007ff8506ab000 	C:\Windows\System32\DriverStore\FileRepository\iigd_dch.inf_amd64_2727f47d6a4671db\igd12um64xeh.dll
0x00007ff91e330000 - 0x00007ff91e496000 	C:\Windows\System32\CRYPT32.dll
0x00007ff8d71a0000 - 0x00007ff8d71fb000 	C:\Windows\System32\DriverStore\FileRepository\iigd_dch.inf_amd64_2727f47d6a4671db\igdext64.dll
0x00007ff90c6f0000 - 0x00007ff90c78c000 	C:\Windows\System32\DriverStore\FileRepository\iigd_dch.inf_amd64_2727f47d6a4671db\IntelControlLib.dll
0x00007ff8be1b0000 - 0x00007ff8be4d2000 	C:\Windows\System32\DriverStore\FileRepository\iigd_dch.inf_amd64_2727f47d6a4671db\igd12dxva64.dll
0x00007ff91f820000 - 0x00007ff91fc94000 	C:\Windows\System32\SETUPAPI.dll
0x00007ff8bb0a0000 - 0x00007ff8bc42a000 	C:\Windows\System32\DriverStore\FileRepository\iigd_dch.inf_amd64_2727f47d6a4671db\igddxvacommon64.dll
0x00007ff8b58e0000 - 0x00007ff8b760e000 	C:\Windows\System32\DriverStore\FileRepository\iigd_dch.inf_amd64_2727f47d6a4671db\media_bin_64.dll
0x00007ff8b4960000 - 0x00007ff8b4989000 	C:\Windows\System32\DriverStore\FileRepository\iigd_dch.inf_amd64_2727f47d6a4671db\igdinfo64.dll
0x00007ff8fb220000 - 0x00007ff8fb365000 	C:\Windows\SYSTEM32\textinputframework.dll
0x00007ff90ff90000 - 0x00007ff9102fd000 	C:\Windows\SYSTEM32\CoreUIComponents.dll
0x00007ff8e8370000 - 0x00007ff8e83d9000 	C:\Windows\system32\Oleacc.dll
0x00007ff8f6910000 - 0x00007ff8f6971000 	C:\Users\jhons\AppData\Local\Temp\lwjgl_jhons\3.3.4+7\x64\lwjgl_opengl.dll
0x00007ff8f4040000 - 0x00007ff8f40e0000 	C:\Users\jhons\AppData\Local\Temp\lwjgl_jhons\3.3.4+7\x64\lwjgl_stb.dll

dbghelp: loaded successfully - version: 4.0.5 - missing functions: none
symbol engine: initialized successfully - sym options: 0x614 - pdb path: .;C:\Users\jhons\.vscode\extensions\redhat.java-1.37.0-win32-x64\jre\17.0.13-win32-x86_64\bin;C:\Windows\SYSTEM32;C:\Windows\WinSxS\amd64_microsoft.windows.common-controls_6595b64144ccf1df_6.0.22621.4541_none_2710d1c57384c085;C:\Users\jhons\.vscode\extensions\redhat.java-1.37.0-win32-x64\jre\17.0.13-win32-x86_64\bin\server;C:\Users\jhons\AppData\Local\Temp\lwjgl_jhons\3.3.4+7\x64;C:\Windows\System32\DriverStore\FileRepository\iigd_dch.inf_amd64_2727f47d6a4671db

VM Arguments:
jvm_args: -agentlib:jdwp=transport=dt_socket,server=n,suspend=y,address=localhost:57331 -XX:+ShowCodeDetailsInExceptionMessages 
java_command: org.lwjglb.game.Main
java_class_path (initial): C:\Users\jhons\OneDrive\Documents\3D-final\chapter-02\target\classes;C:\Users\jhons\.m2\repository\org\tinylog\tinylog-api\2.7.0\tinylog-api-2.7.0.jar;C:\Users\jhons\.m2\repository\org\joml\joml\1.10.8\joml-1.10.8.jar;C:\Users\jhons\.m2\repository\org\tinylog\tinylog-impl\2.7.0\tinylog-impl-2.7.0.jar;C:\Users\jhons\.m2\repository\org\lwjgl\lwjgl\3.3.4\lwjgl-3.3.4.jar;C:\Users\jhons\.m2\repository\org\lwjgl\lwjgl-glfw\3.3.4\lwjgl-glfw-3.3.4.jar;C:\Users\jhons\.m2\repository\org\lwjgl\lwjgl-stb\3.3.4\lwjgl-stb-3.3.4.jar;C:\Users\jhons\.m2\repository\org\lwjgl\lwjgl-opengl\3.3.4\lwjgl-opengl-3.3.4.jar;C:\Users\jhons\.m2\repository\org\lwjgl\lwjgl\3.3.4\lwjgl-3.3.4-natives-windows.jar;C:\Users\jhons\.m2\repository\org\lwjgl\lwjgl-stb\3.3.4\lwjgl-stb-3.3.4-natives-windows.jar;C:\Users\jhons\.m2\repository\org\lwjgl\lwjgl-opengl\3.3.4\lwjgl-opengl-3.3.4-natives-windows.jar;C:\Users\jhons\.m2\repository\org\lwjgl\lwjgl-glfw\3.3.4\lwjgl-glfw-3.3.4-natives-windows.jar
Launcher Type: SUN_STANDARD

[Global flags]
     intx CICompilerCount                          = 4                                         {product} {ergonomic}
     uint ConcGCThreads                            = 3                                         {product} {ergonomic}
     uint G1ConcRefinementThreads                  = 11                                        {product} {ergonomic}
   size_t G1HeapRegionSize                         = 2097152                                   {product} {ergonomic}
    uintx GCDrainStackTargetSize                   = 64                                        {product} {ergonomic}
   size_t InitialHeapSize                          = 262144000                                 {product} {ergonomic}
   size_t MarkStackSize                            = 4194304                                   {product} {ergonomic}
   size_t MaxHeapSize                              = 4192206848                                {product} {ergonomic}
   size_t MaxNewSize                               = 2514485248                                {product} {ergonomic}
   size_t MinHeapDeltaBytes                        = 2097152                                   {product} {ergonomic}
   size_t MinHeapSize                              = 8388608                                   {product} {ergonomic}
    uintx NonNMethodCodeHeapSize                   = 5839372                                {pd product} {ergonomic}
    uintx NonProfiledCodeHeapSize                  = 122909434                              {pd product} {ergonomic}
    uintx ProfiledCodeHeapSize                     = 122909434                              {pd product} {ergonomic}
    uintx ReservedCodeCacheSize                    = 251658240                              {pd product} {ergonomic}
     bool SegmentedCodeCache                       = true                                      {product} {ergonomic}
     bool ShowCodeDetailsInExceptionMessages       = true                                   {manageable} {command line}
   size_t SoftMaxHeapSize                          = 4192206848                             {manageable} {ergonomic}
     bool UseCompressedClassPointers               = true                           {product lp64_product} {ergonomic}
     bool UseCompressedOops                        = true                           {product lp64_product} {ergonomic}
     bool UseG1GC                                  = true                                      {product} {ergonomic}
     bool UseLargePagesIndividualAllocation        = false                                  {pd product} {ergonomic}

Logging:
Log output configuration:
 #0: stdout all=warning uptime,level,tags
 #1: stderr all=off uptime,level,tags

Environment Variables:
PATH=C:\Program Files\Common Files\Oracle\Java\javapath;C:\Windows\system32;C:\Windows;C:\Windows\System32\Wbem;C:\Windows\System32\WindowsPowerShell\v1.0\;C:\Windows\System32\OpenSSH\;C:\Program Files\Git\cmd;C:\Program Files\Cloudflare\Cloudflare WARP\;C:\Users\jhons\AppData\Local\Microsoft\WindowsApps;C:\Users\jhons\AppData\Local\Programs\Microsoft VS Code\bin
USERNAME=jhons
LANG=en_US.UTF-8
OS=Windows_NT
PROCESSOR_IDENTIFIER=Intel64 Family 6 Model 170 Stepping 4, GenuineIntel
TMP=C:\Users\jhons\AppData\Local\Temp
TEMP=C:\Users\jhons\AppData\Local\Temp



Periodic native trim disabled


---------------  S Y S T E M  ---------------

OS:
 Windows 11 , 64 bit Build 22621 (10.0.22621.4391)
OS uptime: 16 days 14:26 hours
Hyper-V role detected

CPU: total 14 (initial active 14) (7 cores per cpu, 2 threads per core) family 6 model 170 stepping 4 microcode 0x1c, cx8, cmov, fxsr, ht, mmx, 3dnowpref, sse, sse2, sse3, ssse3, sse4.1, sse4.2, popcnt, lzcnt, tsc, tscinvbit, avx, avx2, aes, erms, clmul, bmi1, bmi2, adx, sha, fma, vzeroupper, clflush, clflushopt, clwb, hv
Processor Information for processor 0
  Max Mhz: 1300, Current Mhz: 1300, Mhz Limit: 1300
Processor Information for processor 1
  Max Mhz: 1300, Current Mhz: 1300, Mhz Limit: 1300
Processor Information for processor 2
  Max Mhz: 800, Current Mhz: 800, Mhz Limit: 800
Processor Information for processor 3
  Max Mhz: 800, Current Mhz: 800, Mhz Limit: 800
Processor Information for processor 4
  Max Mhz: 800, Current Mhz: 800, Mhz Limit: 800
Processor Information for processor 5
  Max Mhz: 800, Current Mhz: 800, Mhz Limit: 800
Processor Information for processor 6
  Max Mhz: 800, Current Mhz: 800, Mhz Limit: 800
Processor Information for processor 7
  Max Mhz: 800, Current Mhz: 800, Mhz Limit: 800
Processor Information for processor 8
  Max Mhz: 800, Current Mhz: 800, Mhz Limit: 800
Processor Information for processor 9
  Max Mhz: 800, Current Mhz: 800, Mhz Limit: 800
Processor Information for processor 10
  Max Mhz: 1300, Current Mhz: 1300, Mhz Limit: 1300
Processor Information for processor 11
  Max Mhz: 1300, Current Mhz: 1300, Mhz Limit: 1300
Processor Information for processor 12
  Max Mhz: 700, Current Mhz: 700, Mhz Limit: 700
Processor Information for processor 13
  Max Mhz: 700, Current Mhz: 700, Mhz Limit: 700

Memory: 4k page, system-wide physical 15989M (2689M free)
TotalPageFile size 29000M (AvailPageFile size 3961M)
current process WorkingSet (physical memory assigned to process): 170M, peak: 170M
current process commit charge ("private bytes"): 447M, peak: 447M

vm_info: OpenJDK 64-Bit Server VM (17.0.13+11) for windows-amd64 JRE (17.0.13+11), built on Oct 16 2024 00:10:08 by "admin" with MS VC++ 17.7 (VS2022)

END.
